Arguments: 
  C:\Program Files\nodejs\node.exe C:\Users\j\AppData\Roaming\npm\node_modules\yarn\bin\yarn.js add parcel-bundler vue-template-compiler @ vue/component-compiler-utils vue-hot-reload-api node-sass

PATH: 
  E:\Program Files\cmder\vendor\git-for-windows\mingw64\bin;E:\Program Files\cmder\vendor\git-for-windows\usr\bin;C:\Users\j\bin;D:\za\study\Project\wheel\node_modules\.bin;C:\Windows\system32;C:\Windows;C:\Windows\System32\Wbem;C:\Windows\System32\WindowsPowerShell\v1.0;C:\Program Files (x86)\NVIDIA Corporation\PhysX\Common;C:\Program Files\NVIDIA Corporation\NVIDIA NvDLISR;C:\WINDOWS\system32;C:\WINDOWS;C:\WINDOWS\System32\Wbem;C:\WINDOWS\System32\WindowsPowerShell\v1.0;C:\WINDOWS\System32\OpenSSH;C:\Program Files\nodejs;C:\Program Files\MongoDB\Server\4.2\bin;C:\Program Files\Git\cmd;C:\Users\j\AppData\Local\Yarn\bin;C:\Users\j\AppData\Local\Yarn\Data\global;C:\Users\j\AppData\Local\Microsoft\WindowsApps;C:\Users\j\AppData\Roaming\npm;E:\Program Files\Microsoft VS Code\bin;C:\Program Files\MySQL\MySQL Server 8.0\bin;E:\Program Files\WebStorm 2020.3\bin;C:\Users\j\AppData\Local\Yarn\bin;C:\Users\j\AppData\Local\Yarn\Data\global

Yarn version: 
  1.22.5

Node version: 
  12.14.1

Platform: 
  win32 x64

Trace: 
  Error: https://registry.npm.taobao.org/@: Request "https://registry.npm.taobao.org/@" returned a 405
      at Request.params.callback [as _callback] (C:\Users\j\AppData\Roaming\npm\node_modules\yarn\lib\cli.js:66997:18)
      at Request.self.callback (C:\Users\j\AppData\Roaming\npm\node_modules\yarn\lib\cli.js:140662:22)
      at Request.emit (events.js:223:5)
      at Request.<anonymous> (C:\Users\j\AppData\Roaming\npm\node_modules\yarn\lib\cli.js:141634:10)
      at Request.emit (events.js:223:5)
      at IncomingMessage.<anonymous> (C:\Users\j\AppData\Roaming\npm\node_modules\yarn\lib\cli.js:141556:12)
      at Object.onceWrapper (events.js:312:28)
      at IncomingMessage.emit (events.js:228:7)
      at endReadableNT (_stream_readable.js:1185:12)
      at processTicksAndRejections (internal/process/task_queues.js:81:21)

npm manifest: 
  {
    "name": "wheel",
    "version": "0.0.1",
    "description": "一个UI框架",
    "main": "index.js",
    "repository": "git@github.com:tyj1113/wheel.git",
    "author": "tyj1113 <1991383016@qq.com>",
    "license": "MIT",
    "dependencies": {
      "vue": "^2.6.12"
    }
  }

yarn manifest: 
  No manifest

Lockfile: 
  # THIS IS AN AUTOGENERATED FILE. DO NOT EDIT THIS FILE DIRECTLY.
  # yarn lockfile v1
  
  
  vue@^2.6.12:
    version "2.6.12"
    resolved "https://registry.npm.taobao.org/vue/download/vue-2.6.12.tgz?cache=0&sync_timestamp=1609360160361&other_urls=https%3A%2F%2Fregistry.npm.taobao.org%2Fvue%2Fdownload%2Fvue-2.6.12.tgz#f5ebd4fa6bd2869403e29a896aed4904456c9123"
    integrity sha1-9evU+mvShpQD4pqJau1JBEVskSM=
